2025-07-28 19:09:29,652 - INFO - Sleep 15sec
2025-07-28 19:09:44,667 - INFO - Checking...
2025-07-28 19:09:44,671 - INFO - Temp ↪ 49.1°C
2025-07-28 19:09:44,673 - INFO - ► 0.0 ▼ 46.0 ▲ 50.0
2025-07-28 19:09:44,673 - INFO - Final [ON 80.0%]
2025-07-28 19:09:44,675 - INFO - Sleep 15sec
2025-07-28 19:09:59,685 - INFO - Checking...
2025-07-28 19:09:59,690 - INFO - Temp ↪ 47.2°C
2025-07-28 19:09:59,692 - INFO - ► 0.0 ▼ 46.0 ▲ 50.0
2025-07-28 19:09:59,693 - INFO - Final [ON 40.0%]
2025-07-28 19:09:59,694 - INFO - Sleep 15sec
2025-07-28 19:10:14,710 - INFO - Checking...
2025-07-28 19:10:14,716 - INFO - Temp ↪ 46.7°C
2025-07-28 19:10:14,718 - INFO - ► 0.0 ▼ 46.0 ▲ 50.0
2025-07-28 19:10:14,719 - INFO - Final [ON 40.0%]
2025-07-28 19:10:14,721 - INFO - Sleep 15sec
2025-07-28 19:10:29,736 - INFO - Checking...
2025-07-28 19:10:29,744 - INFO - Temp ↪ 46.2°C
2025-07-28 19:10:29,747 - INFO - ► 0.0 ▼ 46.0 ▲ 50.0
2025-07-28 19:10:29,747 - INFO - Final [ON 40.0%]
2025-07-28 19:10:29,750 - INFO - Sleep 15sec
2025-07-28 19:10:44,766 - INFO - Checking...
2025-07-28 19:10:44,774 - INFO - Temp ↪ 47.2°C
2025-07-28 19:10:44,776 - INFO - ► 0.0 ▼ 46.0 ▲ 50.0
2025-07-28 19:10:44,777 - INFO - Final [ON 40.0%]
2025-07-28 19:10:44,780 - INFO - Sleep 15sec
2025-07-28 19:10:59,795 - INFO - Checking...
2025-07-28 19:10:59,803 - INFO - Temp ↪ 47.2°C
2025-07-28 19:10:59,806 - INFO - ► 0.0 ▼ 46.0 ▲ 50.0
2025-07-28 19:10:59,807 - INFO - Final [ON 40.0%]
2025-07-28 19:10:59,809 - INFO - Sleep 15sec
2025-07-28 19:11:14,825 - INFO - Checking...
2025-07-28 19:11:14,833 - INFO - Temp ↪ 47.7°C
2025-07-28 19:11:14,840 - INFO - ► 0.0 ▼ 46.0 ▲ 50.0
2025-07-28 19:11:14,840 - INFO - Final [ON 40.0%]
2025-07-28 19:11:14,843 - INFO - Sleep 15sec
2025-07-28 19:11:29,859 - INFO - Checking...
2025-07-28 19:11:29,865 - INFO - Temp ↪ 48.2°C
2025-07-28 19:11:29,867 - INFO - ► 0.0 ▼ 46.0 ▲ 50.0
2025-07-28 19:11:29,867 - INFO - Final [ON 80.0%]
2025-07-28 19:11:29,869 - INFO - Sleep 15sec
2025-07-28 19:11:44,883 - INFO - Checking...
2025-07-28 19:11:44,892 - INFO - Temp ↪ 46.2°C
2025-07-28 19:11:44,895 - INFO - ► 0.0 ▼ 46.0 ▲ 50.0
2025-07-28 19:11:44,895 - INFO - Final [ON 40.0%]
2025-07-28 19:11:44,898 - INFO - Sleep 15sec
2025-07-28 19:11:59,914 - INFO - Checking...
2025-07-28 19:11:59,922 - INFO - Temp ↪ 45.7°C
2025-07-28 19:11:59,924 - INFO - ► 0.0 ▼ 46.0 ▲ 50.0
2025-07-28 19:11:59,925 - INFO - Final: [OFF]
2025-07-28 19:11:59,928 - INFO - Sleep 15sec
2025-07-28 19:12:14,943 - INFO - Checking...
2025-07-28 19:12:14,952 - INFO - Temp ↪ 47.2°C
2025-07-28 19:12:14,954 - INFO - ► 0.0 ▼ 46.0 ▲ 50.0
2025-07-28 19:12:14,955 - INFO - Final [ON 40.0%]
2025-07-28 19:12:14,958 - INFO - Sleep 15sec
2025-07-28 19:12:29,974 - INFO - Checking...
2025-07-28 19:12:29,982 - INFO - Temp ↪ 46.7°C
2025-07-28 19:12:29,984 - INFO - ► 0.0 ▼ 46.0 ▲ 50.0
2025-07-28 19:12:29,985 - INFO - Final [ON 40.0%]
2025-07-28 19:12:29,987 - INFO - Sleep 15sec
2025-07-28 19:12:45,003 - INFO - Checking...
2025-07-28 19:12:45,009 - INFO - Temp ↪ 48.2°C
2025-07-28 19:12:45,010 - INFO - ► 0.0 ▼ 46.0 ▲ 50.0
2025-07-28 19:12:45,010 - INFO - Final [ON 80.0%]
2025-07-28 19:12:45,012 - INFO - Sleep 15sec
2025-07-28 19:13:00,023 - INFO - Checking...
2025-07-28 19:13:00,031 - INFO - Temp ↪ 45.7°C
2025-07-28 19:13:00,033 - INFO - ► 0.0 ▼ 46.0 ▲ 50.0
2025-07-28 19:13:00,033 - INFO - Final: [OFF]
2025-07-28 19:13:00,035 - INFO - Sleep 15sec
2025-07-28 19:13:15,047 - INFO - Checking...
2025-07-28 19:13:15,052 - INFO - Temp ↪ 47.2°C
2025-07-28 19:13:15,054 - INFO - ► 0.0 ▼ 46.0 ▲ 50.0
2025-07-28 19:13:15,054 - INFO - Final [ON 40.0%]
2025-07-28 19:13:15,055 - INFO - Sleep 15sec
2025-07-28 19:13:30,071 - INFO - Checking...
2025-07-28 19:13:30,076 - INFO - Temp ↪ 47.7°C
2025-07-28 19:13:30,077 - INFO - ► 0.0 ▼ 46.0 ▲ 50.0
2025-07-28 19:13:30,078 - INFO - Final [ON 40.0%]
2025-07-28 19:13:30,080 - INFO - Sleep 15sec
2025-07-28 19:13:45,095 - INFO - Checking...
2025-07-28 19:13:45,104 - INFO - Temp ↪ 47.2°C
2025-07-28 19:13:45,107 - INFO - ► 0.0 ▼ 46.0 ▲ 50.0
2025-07-28 19:13:45,107 - INFO - Final [ON 40.0%]
2025-07-28 19:13:45,110 - INFO - Sleep 15sec
2025-07-28 19:14:00,124 - INFO - Checking...
2025-07-28 19:14:00,132 - INFO - Temp ↪ 47.2°C
2025-07-28 19:14:00,135 - INFO - ► 0.0 ▼ 46.0 ▲ 50.0
2025-07-28 19:14:00,136 - INFO - Final [ON 40.0%]
2025-07-28 19:14:00,138 - INFO - Sleep 15sec
2025-07-28 19:14:15,151 - INFO - Checking...
2025-07-28 19:14:15,160 - INFO - Temp ↪ 47.2°C
2025-07-28 19:14:15,165 - INFO - ► 0.0 ▼ 46.0 ▲ 50.0
2025-07-28 19:14:15,166 - INFO - Final [ON 40.0%]
2025-07-28 19:14:15,170 - INFO - Sleep 15sec
2025-07-28 19:14:30,182 - INFO - Checking...
2025-07-28 19:14:30,189 - INFO - Temp ↪ 47.2°C
2025-07-28 19:14:30,190 - INFO - ► 0.0 ▼ 46.0 ▲ 50.0
2025-07-28 19:14:30,191 - INFO - Final [ON 40.0%]
2025-07-28 19:14:30,192 - INFO - Sleep 15sec
